c:\users\hoang ngoc hung\desktop\opencv\traffic-sign-detection\traffic-sign-detection\x64\release\vc140.pdb
c:\users\hoang ngoc hung\desktop\opencv\traffic-sign-detection\traffic-sign-detection\x64\release\superformula.obj
c:\users\hoang ngoc hung\desktop\opencv\traffic-sign-detection\traffic-sign-detection\x64\release\smartoptimisation.obj
c:\users\hoang ngoc hung\desktop\opencv\traffic-sign-detection\traffic-sign-detection\x64\release\segmentation.obj
c:\users\hoang ngoc hung\desktop\opencv\traffic-sign-detection\traffic-sign-detection\x64\release\imageprocessing.obj
c:\users\hoang ngoc hung\desktop\opencv\traffic-sign-detection\traffic-sign-detection\x64\release\contour.obj
c:\users\hoang ngoc hung\desktop\opencv\traffic-sign-detection\traffic-sign-detection\x64\release\colorconversion.obj
c:\users\hoang ngoc hung\desktop\opencv\traffic-sign-detection\traffic-sign-detection\x64\release\timer.obj
c:\users\hoang ngoc hung\desktop\opencv\traffic-sign-detection\traffic-sign-detection\x64\release\random-standalone.obj
c:\users\hoang ngoc hung\desktop\opencv\traffic-sign-detection\traffic-sign-detection\x64\release\main.obj
c:\users\hoang ngoc hung\desktop\opencv\traffic-sign-detection\x64\release\traffic-sign-detection.exe
c:\users\hoang ngoc hung\desktop\opencv\traffic-sign-detection\x64\release\traffic-sign-detection.ipdb
c:\users\hoang ngoc hung\desktop\opencv\traffic-sign-detection\x64\release\traffic-sign-detection.iobj
c:\users\hoang ngoc hung\desktop\opencv\traffic-sign-detection\x64\release\traffic-sign-detection.pdb
c:\users\hoang ngoc hung\desktop\opencv\traffic-sign-detection\traffic-sign-detection\x64\release\traffic-.48d1e7fa.tlog\cl.command.1.tlog
c:\users\hoang ngoc hung\desktop\opencv\traffic-sign-detection\traffic-sign-detection\x64\release\traffic-.48d1e7fa.tlog\cl.read.1.tlog
c:\users\hoang ngoc hung\desktop\opencv\traffic-sign-detection\traffic-sign-detection\x64\release\traffic-.48d1e7fa.tlog\cl.write.1.tlog
c:\users\hoang ngoc hung\desktop\opencv\traffic-sign-detection\traffic-sign-detection\x64\release\traffic-.48d1e7fa.tlog\link.command.1.tlog
c:\users\hoang ngoc hung\desktop\opencv\traffic-sign-detection\traffic-sign-detection\x64\release\traffic-.48d1e7fa.tlog\link.read.1.tlog
c:\users\hoang ngoc hung\desktop\opencv\traffic-sign-detection\traffic-sign-detection\x64\release\traffic-.48d1e7fa.tlog\link.write.1.tlog
