c:\users\hoang ngoc hung\documents\vs2015_tesseract\liblept\x64\debug\adaptmap.obj
c:\users\hoang ngoc hung\documents\vs2015_tesseract\liblept\x64\debug\bilateral.obj
c:\users\hoang ngoc hung\documents\vs2015_tesseract\liblept\x64\debug\binreduce.obj
c:\users\hoang ngoc hung\documents\vs2015_tesseract\liblept\x64\debug\bmpiostub.obj
c:\users\hoang ngoc hung\documents\vs2015_tesseract\liblept\x64\debug\bootnumgen3.obj
c:\users\hoang ngoc hung\documents\vs2015_tesseract\liblept\x64\debug\boxfunc3.obj
c:\users\hoang ngoc hung\documents\vs2015_tesseract\liblept\x64\debug\ccthin.obj
c:\users\hoang ngoc hung\documents\vs2015_tesseract\liblept\x64\debug\colormap.obj
c:\users\hoang ngoc hung\documents\vs2015_tesseract\liblept\x64\debug\colorseg.obj
c:\users\hoang ngoc hung\documents\vs2015_tesseract\liblept\x64\debug\convertfiles.obj
c:\users\hoang ngoc hung\documents\vs2015_tesseract\liblept\x64\debug\dewarp2.obj
c:\users\hoang ngoc hung\documents\vs2015_tesseract\liblept\x64\debug\dnafunc1.obj
c:\users\hoang ngoc hung\documents\vs2015_tesseract\liblept\x64\debug\edge.obj
c:\users\hoang ngoc hung\documents\vs2015_tesseract\liblept\x64\debug\fhmtgen.1.obj
c:\users\hoang ngoc hung\documents\vs2015_tesseract\liblept\x64\debug\fliphmtgen.obj
c:\users\hoang ngoc hung\documents\vs2015_tesseract\liblept\x64\debug\fmorphgenlow.1.obj
c:\users\hoang ngoc hung\documents\vs2015_tesseract\liblept\x64\debug\gifiostub.obj
c:\users\hoang ngoc hung\documents\vs2015_tesseract\liblept\x64\debug\graymorph.obj
c:\users\hoang ngoc hung\documents\vs2015_tesseract\liblept\x64\debug\heap.obj
c:\users\hoang ngoc hung\documents\vs2015_tesseract\liblept\x64\debug\jp2kio.obj
c:\users\hoang ngoc hung\documents\vs2015_tesseract\liblept\x64\debug\libversions.obj
c:\users\hoang ngoc hung\documents\vs2015_tesseract\liblept\x64\debug\morphapp.obj
c:\users\hoang ngoc hung\documents\vs2015_tesseract\liblept\x64\debug\numabasic.obj
c:\users\hoang ngoc hung\documents\vs2015_tesseract\liblept\x64\debug\pageseg.obj
c:\users\hoang ngoc hung\documents\vs2015_tesseract\liblept\x64\debug\pdfio1.obj
c:\users\hoang ngoc hung\documents\vs2015_tesseract\liblept\x64\debug\pix1.obj
c:\users\hoang ngoc hung\documents\vs2015_tesseract\liblept\x64\debug\pix5.obj
c:\users\hoang ngoc hung\documents\vs2015_tesseract\liblept\x64\debug\pixafunc2.obj
c:\users\hoang ngoc hung\documents\vs2015_tesseract\liblept\x64\debug\pixconv.obj
c:\users\hoang ngoc hung\documents\vs2015_tesseract\liblept\x64\debug\pngiostub.obj
c:\users\hoang ngoc hung\documents\vs2015_tesseract\liblept\x64\debug\psio1.obj
c:\users\hoang ngoc hung\documents\vs2015_tesseract\liblept\x64\debug\ptafunc1.obj
c:\users\hoang ngoc hung\documents\vs2015_tesseract\liblept\x64\debug\queue.obj
c:\users\hoang ngoc hung\documents\vs2015_tesseract\liblept\x64\debug\readfile.obj
c:\users\hoang ngoc hung\documents\vs2015_tesseract\liblept\x64\debug\rop.obj
c:\users\hoang ngoc hung\documents\vs2015_tesseract\liblept\x64\debug\rotate.obj
c:\users\hoang ngoc hung\documents\vs2015_tesseract\liblept\x64\debug\rotateshear.obj
c:\users\hoang ngoc hung\documents\vs2015_tesseract\liblept\x64\debug\scalelow.obj
c:\users\hoang ngoc hung\documents\vs2015_tesseract\liblept\x64\debug\seedfilllow.obj
c:\users\hoang ngoc hung\documents\vs2015_tesseract\liblept\x64\debug\selgen.obj
c:\users\hoang ngoc hung\documents\vs2015_tesseract\liblept\x64\debug\spixio.obj
c:\users\hoang ngoc hung\documents\vs2015_tesseract\liblept\x64\debug\sudoku.obj
c:\users\hoang ngoc hung\documents\vs2015_tesseract\liblept\x64\debug\utils.obj
c:\users\hoang ngoc hung\documents\vs2015_tesseract\liblept\x64\debug\arrayaccess.obj
c:\users\hoang ngoc hung\documents\vs2015_tesseract\liblept\x64\debug\bbuffer.obj
c:\users\hoang ngoc hung\documents\vs2015_tesseract\liblept\x64\debug\binexpand.obj
c:\users\hoang ngoc hung\documents\vs2015_tesseract\liblept\x64\debug\bmpio.obj
c:\users\hoang ngoc hung\documents\vs2015_tesseract\liblept\x64\debug\boxbasic.obj
c:\users\hoang ngoc hung\documents\vs2015_tesseract\liblept\x64\debug\boxfunc4.obj
c:\users\hoang ngoc hung\documents\vs2015_tesseract\liblept\x64\debug\classapp.obj
c:\users\hoang ngoc hung\documents\vs2015_tesseract\liblept\x64\debug\colormorph.obj
c:\users\hoang ngoc hung\documents\vs2015_tesseract\liblept\x64\debug\colorspace.obj
c:\users\hoang ngoc hung\documents\vs2015_tesseract\liblept\x64\debug\convolve.obj
c:\users\hoang ngoc hung\documents\vs2015_tesseract\liblept\x64\debug\dewarp3.obj
c:\users\hoang ngoc hung\documents\vs2015_tesseract\liblept\x64\debug\dnahash.obj
c:\users\hoang ngoc hung\documents\vs2015_tesseract\liblept\x64\debug\encoding.obj
c:\users\hoang ngoc hung\documents\vs2015_tesseract\liblept\x64\debug\fhmtgenlow.1.obj
c:\users\hoang ngoc hung\documents\vs2015_tesseract\liblept\x64\debug\fmorphauto.obj
c:\users\hoang ngoc hung\documents\vs2015_tesseract\liblept\x64\debug\fpix2.obj
c:\users\hoang ngoc hung\documents\vs2015_tesseract\liblept\x64\debug\graphics.obj
c:\users\hoang ngoc hung\documents\vs2015_tesseract\liblept\x64\debug\jbclass.obj
c:\users\hoang ngoc hung\documents\vs2015_tesseract\liblept\x64\debug\jpegio.obj
c:\users\hoang ngoc hung\documents\vs2015_tesseract\liblept\x64\debug\list.obj
c:\users\hoang ngoc hung\documents\vs2015_tesseract\liblept\x64\debug\morph.obj
c:\users\hoang ngoc hung\documents\vs2015_tesseract\liblept\x64\debug\morphseq.obj
c:\users\hoang ngoc hung\documents\vs2015_tesseract\liblept\x64\debug\numafunc2.obj
c:\users\hoang ngoc hung\documents\vs2015_tesseract\liblept\x64\debug\partition.obj
c:\users\hoang ngoc hung\documents\vs2015_tesseract\liblept\x64\debug\pdfio2stub.obj
c:\users\hoang ngoc hung\documents\vs2015_tesseract\liblept\x64\debug\pix3.obj
c:\users\hoang ngoc hung\documents\vs2015_tesseract\liblept\x64\debug\pixacc.obj
c:\users\hoang ngoc hung\documents\vs2015_tesseract\liblept\x64\debug\pixarith.obj
c:\users\hoang ngoc hung\documents\vs2015_tesseract\liblept\x64\debug\pixtiling.obj
c:\users\hoang ngoc hung\documents\vs2015_tesseract\liblept\x64\debug\pnmiostub.obj
c:\users\hoang ngoc hung\documents\vs2015_tesseract\liblept\x64\debug\psio1stub.obj
c:\users\hoang ngoc hung\documents\vs2015_tesseract\liblept\x64\debug\ptabasic.obj
c:\users\hoang ngoc hung\documents\vs2015_tesseract\liblept\x64\debug\quadtree.obj
c:\users\hoang ngoc hung\documents\vs2015_tesseract\liblept\x64\debug\readbarcode.obj
c:\users\hoang ngoc hung\documents\vs2015_tesseract\liblept\x64\debug\recogident.obj
c:\users\hoang ngoc hung\documents\vs2015_tesseract\liblept\x64\debug\roplow.obj
c:\users\hoang ngoc hung\documents\vs2015_tesseract\liblept\x64\debug\rotateorth.obj
c:\users\hoang ngoc hung\documents\vs2015_tesseract\liblept\x64\debug\sarray2.obj
c:\users\hoang ngoc hung\documents\vs2015_tesseract\liblept\x64\debug\seedfill.obj
c:\users\hoang ngoc hung\documents\vs2015_tesseract\liblept\x64\debug\sel2.obj
c:\users\hoang ngoc hung\documents\vs2015_tesseract\liblept\x64\debug\stack.obj
c:\users\hoang ngoc hung\documents\vs2015_tesseract\liblept\x64\debug\textops.obj
c:\users\hoang ngoc hung\documents\vs2015_tesseract\liblept\x64\debug\viewfiles.obj
c:\users\hoang ngoc hung\documents\vs2015_tesseract\liblept\x64\debug\zlibmemstub.obj
c:\users\hoang ngoc hung\documents\vs2015_tesseract\liblept\x64\debug\affinecompose.obj
c:\users\hoang ngoc hung\documents\vs2015_tesseract\liblept\x64\debug\baseline.obj
c:\users\hoang ngoc hung\documents\vs2015_tesseract\liblept\x64\debug\binarize.obj
c:\users\hoang ngoc hung\documents\vs2015_tesseract\liblept\x64\debug\bmf.obj
c:\users\hoang ngoc hung\documents\vs2015_tesseract\liblept\x64\debug\bootnumgen2.obj
c:\users\hoang ngoc hung\documents\vs2015_tesseract\liblept\x64\debug\boxfunc2.obj
c:\users\hoang ngoc hung\documents\vs2015_tesseract\liblept\x64\debug\ccbord.obj
c:\users\hoang ngoc hung\documents\vs2015_tesseract\liblept\x64\debug\coloring.obj
c:\users\hoang ngoc hung\documents\vs2015_tesseract\liblept\x64\debug\colorquant2.obj
c:\users\hoang ngoc hung\documents\vs2015_tesseract\liblept\x64\debug\conncomp.obj
c:\users\hoang ngoc hung\documents\vs2015_tesseract\liblept\x64\debug\correlscore.obj
c:\users\hoang ngoc hung\documents\vs2015_tesseract\liblept\x64\debug\dewarp4.obj
c:\users\hoang ngoc hung\documents\vs2015_tesseract\liblept\x64\debug\dwacomb.2.obj
c:\users\hoang ngoc hung\documents\vs2015_tesseract\liblept\x64\debug\enhance.obj
c:\users\hoang ngoc hung\documents\vs2015_tesseract\liblept\x64\debug\flipdetect.obj
c:\users\hoang ngoc hung\documents\vs2015_tesseract\liblept\x64\debug\fpix1.obj
c:\users\hoang ngoc hung\documents\vs2015_tesseract\liblept\x64\debug\gplot.obj
c:\users\hoang ngoc hung\documents\vs2015_tesseract\liblept\x64\debug\grayquantlow.obj
c:\users\hoang ngoc hung\documents\vs2015_tesseract\liblept\x64\debug\jp2kheaderstub.obj
c:\users\hoang ngoc hung\documents\vs2015_tesseract\liblept\x64\debug\jp2kiostub.obj
c:\users\hoang ngoc hung\documents\vs2015_tesseract\liblept\x64\debug\kernel.obj
c:\users\hoang ngoc hung\documents\vs2015_tesseract\liblept\x64\debug\map.obj
c:\users\hoang ngoc hung\documents\vs2015_tesseract\liblept\x64\debug\morphdwa.obj
c:\users\hoang ngoc hung\documents\vs2015_tesseract\liblept\x64\debug\numafunc1.obj
c:\users\hoang ngoc hung\documents\vs2015_tesseract\liblept\x64\debug\parseprotos.obj
c:\users\hoang ngoc hung\documents\vs2015_tesseract\liblept\x64\debug\pdfio2.obj
c:\users\hoang ngoc hung\documents\vs2015_tesseract\liblept\x64\debug\pix4.obj
c:\users\hoang ngoc hung\documents\vs2015_tesseract\liblept\x64\debug\pixafunc1.obj
c:\users\hoang ngoc hung\documents\vs2015_tesseract\liblept\x64\debug\pixcomp.obj
c:\users\hoang ngoc hung\documents\vs2015_tesseract\liblept\x64\debug\pngio.obj
c:\users\hoang ngoc hung\documents\vs2015_tesseract\liblept\x64\debug\projective.obj
c:\users\hoang ngoc hung\documents\vs2015_tesseract\liblept\x64\debug\psio2stub.obj
c:\users\hoang ngoc hung\documents\vs2015_tesseract\liblept\x64\debug\ptra.obj
c:\users\hoang ngoc hung\documents\vs2015_tesseract\liblept\x64\debug\rbtree.obj
c:\users\hoang ngoc hung\documents\vs2015_tesseract\liblept\x64\debug\recogdid.obj
c:\users\hoang ngoc hung\documents\vs2015_tesseract\liblept\x64\debug\ropiplow.obj
c:\users\hoang ngoc hung\documents\vs2015_tesseract\liblept\x64\debug\rotateamlow.obj
c:\users\hoang ngoc hung\documents\vs2015_tesseract\liblept\x64\debug\sarray1.obj
c:\users\hoang ngoc hung\documents\vs2015_tesseract\liblept\x64\debug\skew.obj
c:\users\hoang ngoc hung\documents\vs2015_tesseract\liblept\x64\debug\strokes.obj
c:\users\hoang ngoc hung\documents\vs2015_tesseract\liblept\x64\debug\tiffiostub.obj
c:\users\hoang ngoc hung\documents\vs2015_tesseract\liblept\x64\debug\warper.obj
c:\users\hoang ngoc hung\documents\vs2015_tesseract\liblept\x64\debug\webpio.obj
c:\users\hoang ngoc hung\documents\vs2015_tesseract\liblept\x64\debug\writefile.obj
c:\users\hoang ngoc hung\documents\vs2015_tesseract\liblept\x64\debug\affine.obj
c:\users\hoang ngoc hung\documents\vs2015_tesseract\liblept\x64\debug\bardecode.obj
c:\users\hoang ngoc hung\documents\vs2015_tesseract\liblept\x64\debug\bilinear.obj
c:\users\hoang ngoc hung\documents\vs2015_tesseract\liblept\x64\debug\blend.obj
c:\users\hoang ngoc hung\documents\vs2015_tesseract\liblept\x64\debug\bootnumgen1.obj
c:\users\hoang ngoc hung\documents\vs2015_tesseract\liblept\x64\debug\boxfunc1.obj
c:\users\hoang ngoc hung\documents\vs2015_tesseract\liblept\x64\debug\bytearray.obj
c:\users\hoang ngoc hung\documents\vs2015_tesseract\liblept\x64\debug\colorcontent.obj
c:\users\hoang ngoc hung\documents\vs2015_tesseract\liblept\x64\debug\colorquant1.obj
c:\users\hoang ngoc hung\documents\vs2015_tesseract\liblept\x64\debug\compare.obj
c:\users\hoang ngoc hung\documents\vs2015_tesseract\liblept\x64\debug\dewarp1.obj
c:\users\hoang ngoc hung\documents\vs2015_tesseract\liblept\x64\debug\dnabasic.obj
c:\users\hoang ngoc hung\documents\vs2015_tesseract\liblept\x64\debug\dwacomblow.2.obj
c:\users\hoang ngoc hung\documents\vs2015_tesseract\liblept\x64\debug\fhmtauto.obj
c:\users\hoang ngoc hung\documents\vs2015_tesseract\liblept\x64\debug\finditalic.obj
c:\users\hoang ngoc hung\documents\vs2015_tesseract\liblept\x64\debug\fmorphgen.1.obj
c:\users\hoang ngoc hung\documents\vs2015_tesseract\liblept\x64\debug\gifio.obj
c:\users\hoang ngoc hung\documents\vs2015_tesseract\liblept\x64\debug\grayquant.obj
c:\users\hoang ngoc hung\documents\vs2015_tesseract\liblept\x64\debug\jp2kheader.obj
c:\users\hoang ngoc hung\documents\vs2015_tesseract\liblept\x64\debug\jpegiostub.obj
c:\users\hoang ngoc hung\documents\vs2015_tesseract\liblept\x64\debug\leptwin.obj
c:\users\hoang ngoc hung\documents\vs2015_tesseract\liblept\x64\debug\paintcmap.obj
c:\users\hoang ngoc hung\documents\vs2015_tesseract\liblept\x64\debug\pdfio1stub.obj
c:\users\hoang ngoc hung\documents\vs2015_tesseract\liblept\x64\debug\pix2.obj
c:\users\hoang ngoc hung\documents\vs2015_tesseract\liblept\x64\debug\pixabasic.obj
c:\users\hoang ngoc hung\documents\vs2015_tesseract\liblept\x64\debug\pixalloc.obj
c:\users\hoang ngoc hung\documents\vs2015_tesseract\liblept\x64\debug\pixlabel.obj
c:\users\hoang ngoc hung\documents\vs2015_tesseract\liblept\x64\debug\pnmio.obj
c:\users\hoang ngoc hung\documents\vs2015_tesseract\liblept\x64\debug\psio2.obj
c:\users\hoang ngoc hung\documents\vs2015_tesseract\liblept\x64\debug\ptafunc2.obj
c:\users\hoang ngoc hung\documents\vs2015_tesseract\liblept\x64\debug\rank.obj
c:\users\hoang ngoc hung\documents\vs2015_tesseract\liblept\x64\debug\recogbasic.obj
c:\users\hoang ngoc hung\documents\vs2015_tesseract\liblept\x64\debug\recogtrain.obj
c:\users\hoang ngoc hung\documents\vs2015_tesseract\liblept\x64\debug\rotateam.obj
c:\users\hoang ngoc hung\documents\vs2015_tesseract\liblept\x64\debug\runlength.obj
c:\users\hoang ngoc hung\documents\vs2015_tesseract\liblept\x64\debug\scale.obj
c:\users\hoang ngoc hung\documents\vs2015_tesseract\liblept\x64\debug\sel1.obj
c:\users\hoang ngoc hung\documents\vs2015_tesseract\liblept\x64\debug\shear.obj
c:\users\hoang ngoc hung\documents\vs2015_tesseract\liblept\x64\debug\stringcode.obj
c:\users\hoang ngoc hung\documents\vs2015_tesseract\liblept\x64\debug\tiffio.obj
c:\users\hoang ngoc hung\documents\vs2015_tesseract\liblept\x64\debug\watershed.obj
c:\users\hoang ngoc hung\documents\vs2015_tesseract\liblept\x64\debug\webpiostub.obj
c:\users\hoang ngoc hung\documents\vs2015_tesseract\liblept\x64\debug\zlibmem.obj
c:\users\hoang ngoc hung\documents\vs2015_tesseract\liblept\x64\debug\liblept.pdb
c:\users\hoang ngoc hung\documents\vs2015_tesseract\x64\debug\liblept.lib
c:\users\hoang ngoc hung\documents\vs2015_tesseract\liblept\x64\debug\liblept.vcxprojresolveassemblyreference.cache
c:\users\hoang ngoc hung\documents\vs2015_tesseract\liblept\x64\debug\liblept.idb
c:\users\hoang ngoc hung\documents\vs2015_tesseract\x64\debug\liblept.pdb
c:\users\hoang ngoc hung\documents\vs2015_tesseract\liblept\x64\debug\liblept.tlog\cl.11796.write.1.tlog
c:\users\hoang ngoc hung\documents\vs2015_tesseract\liblept\x64\debug\liblept.tlog\cl.command.1.tlog
c:\users\hoang ngoc hung\documents\vs2015_tesseract\liblept\x64\debug\liblept.tlog\cl.read.1.tlog
c:\users\hoang ngoc hung\documents\vs2015_tesseract\liblept\x64\debug\liblept.tlog\lib-link.write.1.tlog
c:\users\hoang ngoc hung\documents\vs2015_tesseract\liblept\x64\debug\liblept.tlog\lib.command.1.tlog
c:\users\hoang ngoc hung\documents\vs2015_tesseract\liblept\x64\debug\liblept.tlog\lib.read.1.tlog
