c:\users\hoang ngoc hung\desktop\opencv\traffic-sign-detection\traffic-sign-detection\x64\debug\vc140.pdb
c:\users\hoang ngoc hung\desktop\opencv\traffic-sign-detection\traffic-sign-detection\x64\debug\vc140.idb
c:\users\hoang ngoc hung\desktop\opencv\traffic-sign-detection\traffic-sign-detection\x64\debug\main.obj
c:\users\hoang ngoc hung\desktop\opencv\traffic-sign-detection\traffic-sign-detection\x64\debug\random-standalone.obj
c:\users\hoang ngoc hung\desktop\opencv\traffic-sign-detection\traffic-sign-detection\x64\debug\timer.obj
c:\users\hoang ngoc hung\desktop\opencv\traffic-sign-detection\traffic-sign-detection\x64\debug\colorconversion.obj
c:\users\hoang ngoc hung\desktop\opencv\traffic-sign-detection\traffic-sign-detection\x64\debug\contour.obj
c:\users\hoang ngoc hung\desktop\opencv\traffic-sign-detection\traffic-sign-detection\x64\debug\segmentation.obj
c:\users\hoang ngoc hung\desktop\opencv\traffic-sign-detection\traffic-sign-detection\x64\debug\smartoptimisation.obj
c:\users\hoang ngoc hung\desktop\opencv\traffic-sign-detection\traffic-sign-detection\x64\debug\superformula.obj
c:\users\hoang ngoc hung\desktop\opencv\traffic-sign-detection\traffic-sign-detection\x64\debug\imageprocessing.obj
c:\users\hoang ngoc hung\desktop\opencv\traffic-sign-detection\x64\debug\traffic-sign-detection.ilk
c:\users\hoang ngoc hung\desktop\opencv\traffic-sign-detection\x64\debug\traffic-sign-detection.exe
c:\users\hoang ngoc hung\desktop\opencv\traffic-sign-detection\x64\debug\traffic-sign-detection.pdb
c:\users\hoang ngoc hung\desktop\opencv\traffic-sign-detection\traffic-sign-detection\x64\debug\traffic-.48d1e7fa.tlog\cl.command.1.tlog
c:\users\hoang ngoc hung\desktop\opencv\traffic-sign-detection\traffic-sign-detection\x64\debug\traffic-.48d1e7fa.tlog\cl.read.1.tlog
c:\users\hoang ngoc hung\desktop\opencv\traffic-sign-detection\traffic-sign-detection\x64\debug\traffic-.48d1e7fa.tlog\cl.write.1.tlog
c:\users\hoang ngoc hung\desktop\opencv\traffic-sign-detection\traffic-sign-detection\x64\debug\traffic-.48d1e7fa.tlog\link.command.1.tlog
c:\users\hoang ngoc hung\desktop\opencv\traffic-sign-detection\traffic-sign-detection\x64\debug\traffic-.48d1e7fa.tlog\link.read.1.tlog
c:\users\hoang ngoc hung\desktop\opencv\traffic-sign-detection\traffic-sign-detection\x64\debug\traffic-.48d1e7fa.tlog\link.write.1.tlog
