c:\users\hoang ngoc hung\documents\vs2015_tesseract\liblept\x64\release\affine.obj
c:\users\hoang ngoc hung\documents\vs2015_tesseract\liblept\x64\release\bilateral.obj
c:\users\hoang ngoc hung\documents\vs2015_tesseract\liblept\x64\release\binarize.obj
c:\users\hoang ngoc hung\documents\vs2015_tesseract\liblept\x64\release\blend.obj
c:\users\hoang ngoc hung\documents\vs2015_tesseract\liblept\x64\release\bootnumgen1.obj
c:\users\hoang ngoc hung\documents\vs2015_tesseract\liblept\x64\release\boxfunc1.obj
c:\users\hoang ngoc hung\documents\vs2015_tesseract\liblept\x64\release\bytearray.obj
c:\users\hoang ngoc hung\documents\vs2015_tesseract\liblept\x64\release\colorcontent.obj
c:\users\hoang ngoc hung\documents\vs2015_tesseract\liblept\x64\release\colorquant2.obj
c:\users\hoang ngoc hung\documents\vs2015_tesseract\liblept\x64\release\compare.obj
c:\users\hoang ngoc hung\documents\vs2015_tesseract\liblept\x64\release\dewarp2.obj
c:\users\hoang ngoc hung\documents\vs2015_tesseract\liblept\x64\release\dnafunc1.obj
c:\users\hoang ngoc hung\documents\vs2015_tesseract\liblept\x64\release\edge.obj
c:\users\hoang ngoc hung\documents\vs2015_tesseract\liblept\x64\release\fhmtgen.1.obj
c:\users\hoang ngoc hung\documents\vs2015_tesseract\liblept\x64\release\finditalic.obj
c:\users\hoang ngoc hung\documents\vs2015_tesseract\liblept\x64\release\fmorphgen.1.obj
c:\users\hoang ngoc hung\documents\vs2015_tesseract\liblept\x64\release\gifio.obj
c:\users\hoang ngoc hung\documents\vs2015_tesseract\liblept\x64\release\grayquantlow.obj
c:\users\hoang ngoc hung\documents\vs2015_tesseract\liblept\x64\release\jbclass.obj
c:\users\hoang ngoc hung\documents\vs2015_tesseract\liblept\x64\release\jpegio.obj
c:\users\hoang ngoc hung\documents\vs2015_tesseract\liblept\x64\release\list.obj
c:\users\hoang ngoc hung\documents\vs2015_tesseract\liblept\x64\release\morph.obj
c:\users\hoang ngoc hung\documents\vs2015_tesseract\liblept\x64\release\numabasic.obj
c:\users\hoang ngoc hung\documents\vs2015_tesseract\liblept\x64\release\pageseg.obj
c:\users\hoang ngoc hung\documents\vs2015_tesseract\liblept\x64\release\pdfio1.obj
c:\users\hoang ngoc hung\documents\vs2015_tesseract\liblept\x64\release\pix1.obj
c:\users\hoang ngoc hung\documents\vs2015_tesseract\liblept\x64\release\pix5.obj
c:\users\hoang ngoc hung\documents\vs2015_tesseract\liblept\x64\release\pixafunc2.obj
c:\users\hoang ngoc hung\documents\vs2015_tesseract\liblept\x64\release\pixlabel.obj
c:\users\hoang ngoc hung\documents\vs2015_tesseract\liblept\x64\release\pngiostub.obj
c:\users\hoang ngoc hung\documents\vs2015_tesseract\liblept\x64\release\psio1.obj
c:\users\hoang ngoc hung\documents\vs2015_tesseract\liblept\x64\release\psio2stub.obj
c:\users\hoang ngoc hung\documents\vs2015_tesseract\liblept\x64\release\ptra.obj
c:\users\hoang ngoc hung\documents\vs2015_tesseract\liblept\x64\release\rbtree.obj
c:\users\hoang ngoc hung\documents\vs2015_tesseract\liblept\x64\release\recogdid.obj
c:\users\hoang ngoc hung\documents\vs2015_tesseract\liblept\x64\release\ropiplow.obj
c:\users\hoang ngoc hung\documents\vs2015_tesseract\liblept\x64\release\rotateamlow.obj
c:\users\hoang ngoc hung\documents\vs2015_tesseract\liblept\x64\release\sarray1.obj
c:\users\hoang ngoc hung\documents\vs2015_tesseract\liblept\x64\release\spixio.obj
c:\users\hoang ngoc hung\documents\vs2015_tesseract\liblept\x64\release\sudoku.obj
c:\users\hoang ngoc hung\documents\vs2015_tesseract\liblept\x64\release\utils.obj
c:\users\hoang ngoc hung\documents\vs2015_tesseract\liblept\x64\release\arrayaccess.obj
c:\users\hoang ngoc hung\documents\vs2015_tesseract\liblept\x64\release\bardecode.obj
c:\users\hoang ngoc hung\documents\vs2015_tesseract\liblept\x64\release\binexpand.obj
c:\users\hoang ngoc hung\documents\vs2015_tesseract\liblept\x64\release\bmf.obj
c:\users\hoang ngoc hung\documents\vs2015_tesseract\liblept\x64\release\bootnumgen2.obj
c:\users\hoang ngoc hung\documents\vs2015_tesseract\liblept\x64\release\boxfunc3.obj
c:\users\hoang ngoc hung\documents\vs2015_tesseract\liblept\x64\release\ccbord.obj
c:\users\hoang ngoc hung\documents\vs2015_tesseract\liblept\x64\release\colormap.obj
c:\users\hoang ngoc hung\documents\vs2015_tesseract\liblept\x64\release\colorseg.obj
c:\users\hoang ngoc hung\documents\vs2015_tesseract\liblept\x64\release\convertfiles.obj
c:\users\hoang ngoc hung\documents\vs2015_tesseract\liblept\x64\release\dewarp1.obj
c:\users\hoang ngoc hung\documents\vs2015_tesseract\liblept\x64\release\dnabasic.obj
c:\users\hoang ngoc hung\documents\vs2015_tesseract\liblept\x64\release\dwacomblow.2.obj
c:\users\hoang ngoc hung\documents\vs2015_tesseract\liblept\x64\release\fhmtauto.obj
c:\users\hoang ngoc hung\documents\vs2015_tesseract\liblept\x64\release\fliphmtgen.obj
c:\users\hoang ngoc hung\documents\vs2015_tesseract\liblept\x64\release\fmorphgenlow.1.obj
c:\users\hoang ngoc hung\documents\vs2015_tesseract\liblept\x64\release\gplot.obj
c:\users\hoang ngoc hung\documents\vs2015_tesseract\liblept\x64\release\graymorph.obj
c:\users\hoang ngoc hung\documents\vs2015_tesseract\liblept\x64\release\jp2kheader.obj
c:\users\hoang ngoc hung\documents\vs2015_tesseract\liblept\x64\release\jp2kiostub.obj
c:\users\hoang ngoc hung\documents\vs2015_tesseract\liblept\x64\release\leptwin.obj
c:\users\hoang ngoc hung\documents\vs2015_tesseract\liblept\x64\release\paintcmap.obj
c:\users\hoang ngoc hung\documents\vs2015_tesseract\liblept\x64\release\pdfio1stub.obj
c:\users\hoang ngoc hung\documents\vs2015_tesseract\liblept\x64\release\pix2.obj
c:\users\hoang ngoc hung\documents\vs2015_tesseract\liblept\x64\release\pixabasic.obj
c:\users\hoang ngoc hung\documents\vs2015_tesseract\liblept\x64\release\pixalloc.obj
c:\users\hoang ngoc hung\documents\vs2015_tesseract\liblept\x64\release\pixcomp.obj
c:\users\hoang ngoc hung\documents\vs2015_tesseract\liblept\x64\release\pixtiling.obj
c:\users\hoang ngoc hung\documents\vs2015_tesseract\liblept\x64\release\pnmiostub.obj
c:\users\hoang ngoc hung\documents\vs2015_tesseract\liblept\x64\release\psio2.obj
c:\users\hoang ngoc hung\documents\vs2015_tesseract\liblept\x64\release\ptafunc2.obj
c:\users\hoang ngoc hung\documents\vs2015_tesseract\liblept\x64\release\rank.obj
c:\users\hoang ngoc hung\documents\vs2015_tesseract\liblept\x64\release\recogbasic.obj
c:\users\hoang ngoc hung\documents\vs2015_tesseract\liblept\x64\release\rop.obj
c:\users\hoang ngoc hung\documents\vs2015_tesseract\liblept\x64\release\rotateam.obj
c:\users\hoang ngoc hung\documents\vs2015_tesseract\liblept\x64\release\runlength.obj
c:\users\hoang ngoc hung\documents\vs2015_tesseract\liblept\x64\release\scalelow.obj
c:\users\hoang ngoc hung\documents\vs2015_tesseract\liblept\x64\release\sel1.obj
c:\users\hoang ngoc hung\documents\vs2015_tesseract\liblept\x64\release\shear.obj
c:\users\hoang ngoc hung\documents\vs2015_tesseract\liblept\x64\release\stringcode.obj
c:\users\hoang ngoc hung\documents\vs2015_tesseract\liblept\x64\release\tiffio.obj
c:\users\hoang ngoc hung\documents\vs2015_tesseract\liblept\x64\release\warper.obj
c:\users\hoang ngoc hung\documents\vs2015_tesseract\liblept\x64\release\webpio.obj
c:\users\hoang ngoc hung\documents\vs2015_tesseract\liblept\x64\release\writefile.obj
c:\users\hoang ngoc hung\documents\vs2015_tesseract\liblept\x64\release\affinecompose.obj
c:\users\hoang ngoc hung\documents\vs2015_tesseract\liblept\x64\release\baseline.obj
c:\users\hoang ngoc hung\documents\vs2015_tesseract\liblept\x64\release\bilinear.obj
c:\users\hoang ngoc hung\documents\vs2015_tesseract\liblept\x64\release\bmpio.obj
c:\users\hoang ngoc hung\documents\vs2015_tesseract\liblept\x64\release\bootnumgen3.obj
c:\users\hoang ngoc hung\documents\vs2015_tesseract\liblept\x64\release\boxfunc2.obj
c:\users\hoang ngoc hung\documents\vs2015_tesseract\liblept\x64\release\ccthin.obj
c:\users\hoang ngoc hung\documents\vs2015_tesseract\liblept\x64\release\coloring.obj
c:\users\hoang ngoc hung\documents\vs2015_tesseract\liblept\x64\release\colorquant1.obj
c:\users\hoang ngoc hung\documents\vs2015_tesseract\liblept\x64\release\conncomp.obj
c:\users\hoang ngoc hung\documents\vs2015_tesseract\liblept\x64\release\correlscore.obj
c:\users\hoang ngoc hung\documents\vs2015_tesseract\liblept\x64\release\dewarp4.obj
c:\users\hoang ngoc hung\documents\vs2015_tesseract\liblept\x64\release\dwacomb.2.obj
c:\users\hoang ngoc hung\documents\vs2015_tesseract\liblept\x64\release\enhance.obj
c:\users\hoang ngoc hung\documents\vs2015_tesseract\liblept\x64\release\flipdetect.obj
c:\users\hoang ngoc hung\documents\vs2015_tesseract\liblept\x64\release\fpix1.obj
c:\users\hoang ngoc hung\documents\vs2015_tesseract\liblept\x64\release\gifiostub.obj
c:\users\hoang ngoc hung\documents\vs2015_tesseract\liblept\x64\release\grayquant.obj
c:\users\hoang ngoc hung\documents\vs2015_tesseract\liblept\x64\release\jp2kheaderstub.obj
c:\users\hoang ngoc hung\documents\vs2015_tesseract\liblept\x64\release\jpegiostub.obj
c:\users\hoang ngoc hung\documents\vs2015_tesseract\liblept\x64\release\libversions.obj
c:\users\hoang ngoc hung\documents\vs2015_tesseract\liblept\x64\release\morphapp.obj
c:\users\hoang ngoc hung\documents\vs2015_tesseract\liblept\x64\release\morphseq.obj
c:\users\hoang ngoc hung\documents\vs2015_tesseract\liblept\x64\release\numafunc2.obj
c:\users\hoang ngoc hung\documents\vs2015_tesseract\liblept\x64\release\partition.obj
c:\users\hoang ngoc hung\documents\vs2015_tesseract\liblept\x64\release\pdfio2stub.obj
c:\users\hoang ngoc hung\documents\vs2015_tesseract\liblept\x64\release\pix3.obj
c:\users\hoang ngoc hung\documents\vs2015_tesseract\liblept\x64\release\pixacc.obj
c:\users\hoang ngoc hung\documents\vs2015_tesseract\liblept\x64\release\pixarith.obj
c:\users\hoang ngoc hung\documents\vs2015_tesseract\liblept\x64\release\pngio.obj
c:\users\hoang ngoc hung\documents\vs2015_tesseract\liblept\x64\release\projective.obj
c:\users\hoang ngoc hung\documents\vs2015_tesseract\liblept\x64\release\ptabasic.obj
c:\users\hoang ngoc hung\documents\vs2015_tesseract\liblept\x64\release\queue.obj
c:\users\hoang ngoc hung\documents\vs2015_tesseract\liblept\x64\release\readfile.obj
c:\users\hoang ngoc hung\documents\vs2015_tesseract\liblept\x64\release\recogtrain.obj
c:\users\hoang ngoc hung\documents\vs2015_tesseract\liblept\x64\release\rotate.obj
c:\users\hoang ngoc hung\documents\vs2015_tesseract\liblept\x64\release\rotateorth.obj
c:\users\hoang ngoc hung\documents\vs2015_tesseract\liblept\x64\release\sarray2.obj
c:\users\hoang ngoc hung\documents\vs2015_tesseract\liblept\x64\release\seedfill.obj
c:\users\hoang ngoc hung\documents\vs2015_tesseract\liblept\x64\release\sel2.obj
c:\users\hoang ngoc hung\documents\vs2015_tesseract\liblept\x64\release\skew.obj
c:\users\hoang ngoc hung\documents\vs2015_tesseract\liblept\x64\release\strokes.obj
c:\users\hoang ngoc hung\documents\vs2015_tesseract\liblept\x64\release\tiffiostub.obj
c:\users\hoang ngoc hung\documents\vs2015_tesseract\liblept\x64\release\watershed.obj
c:\users\hoang ngoc hung\documents\vs2015_tesseract\liblept\x64\release\webpiostub.obj
c:\users\hoang ngoc hung\documents\vs2015_tesseract\liblept\x64\release\zlibmem.obj
c:\users\hoang ngoc hung\documents\vs2015_tesseract\liblept\x64\release\adaptmap.obj
c:\users\hoang ngoc hung\documents\vs2015_tesseract\liblept\x64\release\bbuffer.obj
c:\users\hoang ngoc hung\documents\vs2015_tesseract\liblept\x64\release\binreduce.obj
c:\users\hoang ngoc hung\documents\vs2015_tesseract\liblept\x64\release\bmpiostub.obj
c:\users\hoang ngoc hung\documents\vs2015_tesseract\liblept\x64\release\boxbasic.obj
c:\users\hoang ngoc hung\documents\vs2015_tesseract\liblept\x64\release\boxfunc4.obj
c:\users\hoang ngoc hung\documents\vs2015_tesseract\liblept\x64\release\classapp.obj
c:\users\hoang ngoc hung\documents\vs2015_tesseract\liblept\x64\release\colormorph.obj
c:\users\hoang ngoc hung\documents\vs2015_tesseract\liblept\x64\release\colorspace.obj
c:\users\hoang ngoc hung\documents\vs2015_tesseract\liblept\x64\release\convolve.obj
c:\users\hoang ngoc hung\documents\vs2015_tesseract\liblept\x64\release\dewarp3.obj
c:\users\hoang ngoc hung\documents\vs2015_tesseract\liblept\x64\release\dnahash.obj
c:\users\hoang ngoc hung\documents\vs2015_tesseract\liblept\x64\release\encoding.obj
c:\users\hoang ngoc hung\documents\vs2015_tesseract\liblept\x64\release\fhmtgenlow.1.obj
c:\users\hoang ngoc hung\documents\vs2015_tesseract\liblept\x64\release\fmorphauto.obj
c:\users\hoang ngoc hung\documents\vs2015_tesseract\liblept\x64\release\fpix2.obj
c:\users\hoang ngoc hung\documents\vs2015_tesseract\liblept\x64\release\graphics.obj
c:\users\hoang ngoc hung\documents\vs2015_tesseract\liblept\x64\release\heap.obj
c:\users\hoang ngoc hung\documents\vs2015_tesseract\liblept\x64\release\jp2kio.obj
c:\users\hoang ngoc hung\documents\vs2015_tesseract\liblept\x64\release\kernel.obj
c:\users\hoang ngoc hung\documents\vs2015_tesseract\liblept\x64\release\map.obj
c:\users\hoang ngoc hung\documents\vs2015_tesseract\liblept\x64\release\morphdwa.obj
c:\users\hoang ngoc hung\documents\vs2015_tesseract\liblept\x64\release\numafunc1.obj
c:\users\hoang ngoc hung\documents\vs2015_tesseract\liblept\x64\release\parseprotos.obj
c:\users\hoang ngoc hung\documents\vs2015_tesseract\liblept\x64\release\pdfio2.obj
c:\users\hoang ngoc hung\documents\vs2015_tesseract\liblept\x64\release\pix4.obj
c:\users\hoang ngoc hung\documents\vs2015_tesseract\liblept\x64\release\pixafunc1.obj
c:\users\hoang ngoc hung\documents\vs2015_tesseract\liblept\x64\release\pixconv.obj
c:\users\hoang ngoc hung\documents\vs2015_tesseract\liblept\x64\release\pnmio.obj
c:\users\hoang ngoc hung\documents\vs2015_tesseract\liblept\x64\release\psio1stub.obj
c:\users\hoang ngoc hung\documents\vs2015_tesseract\liblept\x64\release\ptafunc1.obj
c:\users\hoang ngoc hung\documents\vs2015_tesseract\liblept\x64\release\quadtree.obj
c:\users\hoang ngoc hung\documents\vs2015_tesseract\liblept\x64\release\readbarcode.obj
c:\users\hoang ngoc hung\documents\vs2015_tesseract\liblept\x64\release\recogident.obj
c:\users\hoang ngoc hung\documents\vs2015_tesseract\liblept\x64\release\roplow.obj
c:\users\hoang ngoc hung\documents\vs2015_tesseract\liblept\x64\release\rotateshear.obj
c:\users\hoang ngoc hung\documents\vs2015_tesseract\liblept\x64\release\scale.obj
c:\users\hoang ngoc hung\documents\vs2015_tesseract\liblept\x64\release\seedfilllow.obj
c:\users\hoang ngoc hung\documents\vs2015_tesseract\liblept\x64\release\selgen.obj
c:\users\hoang ngoc hung\documents\vs2015_tesseract\liblept\x64\release\stack.obj
c:\users\hoang ngoc hung\documents\vs2015_tesseract\liblept\x64\release\textops.obj
c:\users\hoang ngoc hung\documents\vs2015_tesseract\liblept\x64\release\viewfiles.obj
c:\users\hoang ngoc hung\documents\vs2015_tesseract\liblept\x64\release\zlibmemstub.obj
c:\users\hoang ngoc hung\documents\vs2015_tesseract\liblept\x64\release\liblept.pdb
c:\users\hoang ngoc hung\documents\vs2015_tesseract\x64\release\liblept.lib
c:\users\hoang ngoc hung\documents\vs2015_tesseract\liblept\x64\release\liblept.vcxprojresolveassemblyreference.cache
c:\users\hoang ngoc hung\documents\vs2015_tesseract\liblept\x64\release\liblept.tlog\cl.10320.write.1.tlog
c:\users\hoang ngoc hung\documents\vs2015_tesseract\liblept\x64\release\liblept.tlog\cl.command.1.tlog
c:\users\hoang ngoc hung\documents\vs2015_tesseract\liblept\x64\release\liblept.tlog\cl.read.1.tlog
c:\users\hoang ngoc hung\documents\vs2015_tesseract\liblept\x64\release\liblept.tlog\lib-link.write.1.tlog
c:\users\hoang ngoc hung\documents\vs2015_tesseract\liblept\x64\release\liblept.tlog\lib.command.1.tlog
c:\users\hoang ngoc hung\documents\vs2015_tesseract\liblept\x64\release\liblept.tlog\lib.read.1.tlog
